Build started 9/03/13 1:06:43 PM.
     1>Project "D:\Dev\DungeonDimension\Build\dungeondimension\dungeondimension.vcxproj" on node 2 (build target(s)).
     1>InitializeBuildStatus:
         Creating "Release\DungeonDimension.unsuccessfulbuild" because "AlwaysCreate" was specified.
       ClCompile:
         D:\Program Files\Microsoft Visual Studio 10.0\VC\bin\CL.exe /c /Zi /nologo /W3 /WX- /O2 /Oi /Oy- /GL /D _MBCS /Gm- /EHsc /MD /GS /Gy /fp:precise /Zc:wchar_t /Zc:forScope /Fo"Release\\" /Fd"Release\vc100.pdb" /Gd /TP /analyze- /errorReport:prompt ..\..\Source\DungeonDimension.cpp
         DungeonDimension.cpp
       Link:
         D:\Program Files\Microsoft Visual Studio 10.0\VC\bin\link.exe /ERRORREPORT:PROMPT /OUT:"D:\Dev\DungeonDimension\Build\Release\DungeonDimension.exe" /NOLOGO "sfml-audio.lib" "sfml-graphics.lib" "sfml-network.lib" "sfml-system.lib" "sfml-window.lib" kernel32.lib user32.lib gdi32.lib winspool.lib comdlg32.lib advapi32.lib shell32.lib ole32.lib oleaut32.lib uuid.lib odbc32.lib odbccp32.lib /MANIFEST /ManifestFile:"Release\DungeonDimension.exe.intermediate.manifest" /MANIFESTUAC:"level='asInvoker' uiAccess='false'" /DEBUG /PDB:"D:\Dev\DungeonDimension\Build\Release\DungeonDimension.pdb" /OPT:REF /OPT:ICF /LTCG /TLBID:1 /DYNAMICBASE /NXCOMPAT /IMPLIB:"D:\Dev\DungeonDimension\Build\Release\DungeonDimension.lib" /MACHINE:X86 Release\CInput.obj
         Release\CInputTester.obj
         Release\CQuitter.obj
         Release\DungeonDimension.obj
         Release\Comp.obj
         Release\Engine.obj
         Release\Entity.obj
         Release\Prop.obj
         Generating code
         Finished generating code
         dungeondimension.vcxproj -> D:\Dev\DungeonDimension\Build\Release\DungeonDimension.exe
       Manifest:
         C:\Program Files\Microsoft SDKs\Windows\v7.0A\bin\mt.exe /nologo /verbose /outputresource:"D:\Dev\DungeonDimension\Build\Release\DungeonDimension.exe;#1" /manifest Release\DungeonDimension.exe.intermediate.manifest
       PostBuildEvent:
         xcopy /y /d  "D:\dev\sfml\bin\*.dll" "D:\Dev\DungeonDimension\Build\Release\*.dll"
         :VCEnd
         0 File(s) copied
       FinalizeBuildStatus:
         Deleting file "Release\DungeonDimension.unsuccessfulbuild".
         Touching "Release\DungeonDimension.lastbuildstate".
     1>Done Building Project "D:\Dev\DungeonDimension\Build\dungeondimension\dungeondimension.vcxproj" (build target(s)).

Build succeeded.

Time Elapsed 00:00:03.92
